<?xml version="1.0" encoding="UTF-8" ?>
<testsuite tests="1" failures="0" name="com.javacodegeeks.AppTest" time="0.002" errors="0" skipped="0">
  <properties>
    <property name="java.vendor" value="Oracle Corporation"/>
    <property name="JOB_NAME" value="SampleProject"/>
    <property name="PWD" value="/Users/balajils/.m2"/>
    <property name="sun.java.launcher" value="SUN_STANDARD"/>
    <property name="sun.management.compiler" value="HotSpot 64-Bit Tiered Compilers"/>
    <property name="JENKINS_HOME" value="/Users/balajils/.jenkins"/>
    <property name="PATH" value="/Users/balajils/.jenkins/tools/hudson.model.JDK/jdk1/bin:/Users/balajils/anaconda2/bin:/Users/balajils/miniconda3/bin:/Users/balajils/Downloads/google-cloud-sdk/bin:/usr/local/bin:/usr/bin:/bin:/usr/sbin:/sbin:/usr/local/MacGPG2/bin"/>
    <property name="HUDSON_SERVER_COOKIE" value="81eb512643f40d25"/>
    <property name="POM_ARTIFACTID" value="SampleApplication"/>
    <property name="os.name" value="Mac OS X"/>
    <property name="TERM_PROGRAM" value="iTerm.app"/>
    <property name="sun.boot.class.path" value="/Users/balajils/.jenkins/tools/hudson.model.JDK/jdk1/jre/lib/resources.jar:/Users/balajils/.jenkins/tools/hudson.model.JDK/jdk1/jre/lib/rt.jar:/Users/balajils/.jenkins/tools/hudson.model.JDK/jdk1/jre/lib/sunrsasign.jar:/Users/balajils/.jenkins/tools/hudson.model.JDK/jdk1/jre/lib/jsse.jar:/Users/balajils/.jenkins/tools/hudson.model.JDK/jdk1/jre/lib/jce.jar:/Users/balajils/.jenkins/tools/hudson.model.JDK/jdk1/jre/lib/charsets.jar:/Users/balajils/.jenkins/tools/hudson.model.JDK/jdk1/jre/lib/jfr.jar:/Users/balajils/.jenkins/tools/hudson.model.JDK/jdk1/jre/classes"/>
    <property name="CONDA_PREFIX" value="/Users/balajils/anaconda2"/>
    <property name="EXECUTOR_NUMBER" value="0"/>
    <property name="TERM_SESSION_ID" value="w1t0p0:C8E8F5AA-1FB8-4808-9F59-330DC8FD4439"/>
    <property name="COLORFGBG" value="7;0"/>
    <property name="java.vm.specification.vendor" value="Oracle Corporation"/>
    <property name="POM_DISPLAYNAME" value="SampleApplication"/>
    <property name="NODE_LABELS" value="master"/>
    <property name="java.runtime.version" value="1.8.0_171-b11"/>
    <property name="user.name" value="balajils"/>
    <property name="guice.disable.misplaced.annotation.check" value="true"/>
    <property name="extractor.used" value="true"/>
    <property name="CONDA_PYTHON_EXE" value="/Users/balajils/anaconda2/bin/python"/>
    <property name="user.language" value="en"/>
    <property name="JOB_BASE_NAME" value="SampleProject"/>
    <property name="CONDA_SHLVL" value="1"/>
    <property name="RUN_CHANGES_DISPLAY_URL" value="http://localhost:8080/job/SampleProject/71/display/redirect?page=changes"/>
    <property name="BUILD_DISPLAY_NAME" value="#71"/>
    <property name="TMPDIR" value="/var/folders/dt/9lt1zy111y56dpx08m72fhmm0000gn/T/"/>
    <property name="sun.boot.library.path" value="/Users/balajils/.jenkins/tools/hudson.model.JDK/jdk1/jre/lib"/>
    <property name="GIT_PREVIOUS_SUCCESSFUL_COMMIT" value="b73d98b254e9f26031a67b3f14cab78de3e0e5e1"/>
    <property name="java.version" value="1.8.0_171"/>
    <property name="XPC_FLAGS" value="0x0"/>
    <property name="user.timezone" value="Asia/Kolkata"/>
    <property name="sun.arch.data.model" value="64"/>
    <property name="NODE_NAME" value="master"/>
    <property name="TERM" value="xterm-256color"/>
    <property name="RELEASE_SCM_BRANCH" value="REL-BRANCH-SampleApplication-1.7"/>
    <property name="java.endorsed.dirs" value="/Users/balajils/.jenkins/tools/hudson.model.JDK/jdk1/jre/lib/endorsed"/>
    <property name="BUILD_ID" value="71"/>
    <property name="sun.cpu.isalist" value=""/>
    <property name="sun.jnu.encoding" value="UTF-8"/>
    <property name="file.encoding.pkg" value="sun.io"/>
    <property name="SHELL" value="/bin/bash"/>
    <property name="file.separator" value="/"/>
    <property name="java.specification.name" value="Java Platform API Specification"/>
    <property name="maven.conf" value="/Users/balajils/.jenkins/tools/hudson.tasks.Maven_MavenInstallation/maven1/conf"/>
    <property name="java.class.version" value="52.0"/>
    <property name="org.slf4j.simpleLogger.defaultLogLevel" value="info"/>
    <property name="user.country" value="IN"/>
    <property name="CONDA_DEFAULT_ENV" value="base"/>
    <property name="java.home" value="/Users/balajils/.jenkins/tools/hudson.model.JDK/jdk1/jre"/>
    <property name="java.vm.info" value="mixed mode"/>
    <property name="os.version" value="10.14"/>
    <property name="RUN_DISPLAY_URL" value="http://localhost:8080/job/SampleProject/71/display/redirect"/>
    <property name="POM_VERSION" value="1.5"/>
    <property name="sun.font.fontmanager" value="sun.font.CFontManager"/>
    <property name="CONDA_EXE" value="/Users/balajils/anaconda2/bin/conda"/>
    <property name="path.separator" value=":"/>
    <property name="java.vm.version" value="25.171-b11"/>
    <property name="CONDA_PROMPT_MODIFIER" value=""/>
    <property name="GIT_PREVIOUS_COMMIT" value="b73d98b254e9f26031a67b3f14cab78de3e0e5e1"/>
    <property name="JOB_DISPLAY_URL" value="http://localhost:8080/job/SampleProject/display/redirect"/>
    <property name="SHLVL" value="1"/>
    <property name="_" value="/usr/local/bin/jenkins"/>
    <property name="java.awt.printerjob" value="sun.lwawt.macosx.CPrinterJob"/>
    <property name="JAVA_HOME" value="/Users/balajils/.jenkins/tools/hudson.model.JDK/jdk1"/>
    <property name="sun.io.unicode.encoding" value="UnicodeBig"/>
    <property name="awt.toolkit" value="sun.lwawt.macosx.LWCToolkit"/>
    <property name="LOGNAME" value="balajils"/>
    <property name="POM_PACKAGING" value="jar"/>
    <property name="HOME" value="/Users/balajils"/>
    <property name="POM_GROUPID" value="com.javacodegeeks"/>
    <property name="user.home" value="/Users/balajils"/>
    <property name="BUILD_TAG" value="jenkins-SampleProject-71"/>
    <property name="JENKINS_SERVER_COOKIE" value="81eb512643f40d25"/>
    <property name="HUDSON_URL" value="http://localhost:8080/"/>
    <property name="XPC_SERVICE_NAME" value="0"/>
    <property name="java.specification.vendor" value="Oracle Corporation"/>
    <property name="CLASSPATH" value=""/>
    <property name="java.vendor.url" value="http://java.oracle.com/"/>
    <property name="java.library.path" value="/Users/balajils/Library/Java/Extensions:/Library/Java/Extensions:/Network/Library/Java/Extensions:/System/Library/Java/Extensions:/usr/lib/java:."/>
    <property name="Apple_PubSub_Socket_Render" value="/private/tmp/com.apple.launchd.ZbBAYLKY1k/Render"/>
    <property name="gopherProxySet" value="false"/>
    <property name="java.vm.vendor" value="Oracle Corporation"/>
    <property name="java.runtime.name" value="Java(TM) SE Runtime Environment"/>
    <property name="maven.home" value="/Users/balajils/.jenkins/tools/hudson.tasks.Maven_MavenInstallation/maven1"/>
    <property name="java.class.path" value="/Users/balajils/.jenkins/plugins/maven-plugin/WEB-INF/lib/maven35-agent-1.12-alpha-1.jar:/Users/balajils/.jenkins/tools/hudson.tasks.Maven_MavenInstallation/maven1/boot/plexus-classworlds-2.5.2.jar:/Users/balajils/.jenkins/tools/hudson.tasks.Maven_MavenInstallation/maven1/conf/logging"/>
    <property name="sun.java.command" value="jenkins.maven3.agent.Maven35Main /Users/balajils/.jenkins/tools/hudson.tasks.Maven_MavenInstallation/maven1 /Users/balajils/.jenkins/war/WEB-INF/lib/remoting-3.27.jar /Users/balajils/.jenkins/plugins/maven-plugin/WEB-INF/lib/maven35-interceptor-1.12-alpha-1.jar /Users/balajils/.jenkins/plugins/maven-plugin/WEB-INF/lib/maven3-interceptor-commons-1.12-alpha-1.jar 62182"/>
    <property name="java.vm.specification.name" value="Java Virtual Machine Specification"/>
    <property name="PATH+JDK" value="/Users/balajils/.jenkins/tools/hudson.model.JDK/jdk1/bin"/>
    <property name="java.vm.specification.version" value="1.8"/>
    <property name="sun.os.patch.level" value="unknown"/>
    <property name="sun.cpu.endian" value="little"/>
    <property name="M2_HOME" value="/Users/balajils/.jenkins/tools/hudson.tasks.Maven_MavenInstallation/maven1"/>
    <property name="java.io.tmpdir" value="/var/folders/dt/9lt1zy111y56dpx08m72fhmm0000gn/T/"/>
    <property name="HUDSON_HOME" value="/Users/balajils/.jenkins"/>
    <property name="PATH+MAVEN" value="/Users/balajils/.jenkins/tools/hudson.tasks.Maven_MavenInstallation/maven1/bin"/>
    <property name="BUILD_URL" value="http://localhost:8080/job/SampleProject/71/"/>
    <property name="java.vendor.url.bug" value="http://bugreport.sun.com/bugreport/"/>
    <property name="buildInfoConfig.propertiesFile" value="/Users/balajils/.jenkins/workspace/SampleProject@tmp/artifactory/buildInfo98291607747682442.properties"/>
    <property name="ITERM_PROFILE" value="Device1"/>
    <property name="SSH_AUTH_SOCK" value="/private/tmp/com.apple.launchd.ijAP6vHH3V/Listeners"/>
    <property name="LC_CTYPE" value="UTF-8"/>
    <property name="java.awt.graphicsenv" value="sun.awt.CGraphicsEnvironment"/>
    <property name="os.arch" value="x86_64"/>
    <property name="JAVA_MAIN_CLASS_17432" value="Main"/>
    <property name="java.ext.dirs" value="/Users/balajils/Library/Java/Extensions:/Users/balajils/.jenkins/tools/hudson.model.JDK/jdk1/jre/lib/ext:/Library/Java/Extensions:/Network/Library/Java/Extensions:/System/Library/Java/Extensions:/usr/lib/java"/>
    <property name="__CF_USER_TEXT_ENCODING" value="0x1F5:0x0:0x0"/>
    <property name="user.dir" value="/Users/balajils/.jenkins/workspace/SampleProject"/>
    <property name="JOB_URL" value="http://localhost:8080/job/SampleProject/"/>
    <property name="line.separator" value="
"/>
    <property name="MAVEN_HOME" value="/Users/balajils/.jenkins/tools/hudson.tasks.Maven_MavenInstallation/maven1"/>
    <property name="java.vm.name" value="Java HotSpot(TM) 64-Bit Server VM"/>
    <property name="BUILD_NUMBER" value="71"/>
    <property name="JENKINS_URL" value="http://localhost:8080/"/>
    <property name="TERM_PROGRAM_VERSION" value="3.2.7"/>
    <property name="GIT_BRANCH" value="origin/master"/>
    <property name="COLORTERM" value="truecolor"/>
    <property name="RT_RELEASE_STAGING_SCM_BRANCH" value="REL-BRANCH-SampleApplication-1.7"/>
    <property name="ITERM_SESSION_ID" value="w1t0p0:C8E8F5AA-1FB8-4808-9F59-330DC8FD4439"/>
    <property name="GIT_COMMIT" value="b73d98b254e9f26031a67b3f14cab78de3e0e5e1"/>
    <property name="RELEASE_SCM_TAG" value="SampleApplication-1.7"/>
    <property name="file.encoding" value="UTF-8"/>
    <property name="maven3.interceptor" value="/Users/balajils/.jenkins/plugins/maven-plugin/WEB-INF/lib/maven35-interceptor-1.12-alpha-1.jar"/>
    <property name="WORKSPACE" value="/Users/balajils/.jenkins/workspace/SampleProject"/>
    <property name="maven3.interceptor.common" value="/Users/balajils/.jenkins/plugins/maven-plugin/WEB-INF/lib/maven3-interceptor-commons-1.12-alpha-1.jar"/>
    <property name="RT_RELEASE_STAGING_SCM_TAG" value="SampleApplication-1.7"/>
    <property name="java.specification.version" value="1.8"/>
    <property name="USER" value="balajils"/>
    <property name="GIT_URL" value="https://github.com/balajils1/SampleProject.git"/>
  </properties>
  <testcase classname="com.javacodegeeks.AppTest" name="testApp" time="0.002"/>
</testsuite>